[2017-03-09 03:51:11,392 UTC] INFO  [WrapperListener_start_runner] DefaultListableBeanFactory: Overriding bean definition for bean '.api-apiKitGlobalExceptionMapping:mapping.241': replacing [Root bean: class [org.mule.module.apikit.MappingExceptionListener]; scope=prototype; abstract=false; lazyInit=false; autowireMode=0; dependencyCheck=0; autowireCandidate=true; primary=false; factoryBeanName=null; factoryMethodName=null; initMethodName=null; destroyMethodName=null] with [Root bean: class [org.mule.module.apikit.MappingExceptionListener]; scope=prototype; abstract=false; lazyInit=false; autowireMode=0; dependencyCheck=0; autowireCandidate=true; primary=false; factoryBeanName=null; factoryMethodName=null; initMethodName=null; destroyMethodName=null]
[2017-03-09 03:51:11,392 UTC] INFO  [WrapperListener_start_runner] XmlBeanDefinitionReader: Loading XML bean definitions from URL [file:/opt/mule/mule-dfsp2/apps/interop-spsp-backend-services-0.1.12-SNAPSHOT/spsp-backend-services.xml]
[2017-03-09 20:48:13,740 UTC] INFO  [metrics-logger-reporter-19-thread-1] metrics: L1P_METRIC_TIMER:[env.application-instanceid.timer.name][50]
[2017-03-09 20:48:13,740 UTC] INFO  [metrics-logger-reporter-19-thread-1] metrics: L1P_METRIC_TIMER:[env.application-instanceid.timer.name][50]
[2017-03-09 20:48:13,740 UTC] INFO  [metrics-logger-reporter-19-thread-1] metrics: L1P_METRIC_COUNTER:[env.application-instanceid.counter.name]
[2017-03-09 19:48:13,423 UTC] INFO  [Mule.app.deployer.monitor.1.thread.1] ProducerConfig: ProducerConfig values:
        metric.reporters = []
        metadata.max.age.ms = 300000
        reconnect.backoff.ms = 50
        sasl.kerberos.ticket.renew.window.factor = 0.8
        bootstrap.servers = [ec2-35-164-199-6.us-west-2.compute.amazonaws.com:9092]
        ssl.keystore.type = JKS
        sasl.mechanism = GSSAPI
        max.block.ms = 60000
        interceptor.classes = null
        ssl.truststore.password = null
        client.id = interop-spsp-backend-services
        ssl.endpoint.identification.algorithm = null
        request.timeout.ms = 30000
        acks = 1
        receive.buffer.bytes = 32768
        ssl.truststore.type = JKS
        retries = 0
        ssl.truststore.location = null
        ssl.keystore.password = null
        send.buffer.bytes = 131072
        compression.type = none
        metadata.fetch.timeout.ms = 60000
        retry.backoff.ms = 100
        sasl.kerberos.kinit.cmd = /usr/bin/kinit
        buffer.memory = 33554432
        timeout.ms = 30000
        key.serializer = class org.apache.kafka.common.serialization.StringSerializer
        sasl.kerberos.service.name = null
        sasl.kerberos.ticket.renew.jitter = 0.05
        ssl.trustmanager.algorithm = PKIX
        block.on.buffer.full = false
        ssl.key.password = null
        sasl.kerberos.min.time.before.relogin = 60000
        connections.max.idle.ms = 540000
[2017-03-09 20:46:41,049 UTC] WARN  [[interop-domain].api-httpListenerConfig.worker.03] LedgerUrlMapper: field: sourceAccount not found in the map for URL transform
[2017-03-09 20:46:41,053 UTC] INFO  [[interop-domain].api-httpListenerConfig.worker.03] spsp-backend-fetch-payee: Processing complete for get:/receivers/{payee}, TraceID=765017bd-92c1-4839-aa13-bc7a918089d3, payee=66422611, payload={"type":"payee","name":"alice cooper","firstName":"alice","lastName":"cooper","nationalId":"987654321","dob":"1989-03-22T00:00:00.000Z","account":"http://ec2-35-166-236-69.us-west-2.compute.amazonaws.com:8088/ilp/ledger/v1/accounts/alice","currencyCode":"USD","currencySymbol":"$","imageUrl":"https://red.ilpdemo.org/api/receivers/alice_cooper/profile_pic.jpg"}
[2017-03-09 20:46:43,740 UTC] INFO  [metrics-logger-reporter-19-thread-1] metrics: type=COUNTER, name=l1p.spsp-backend.fetch.api.FetchPayeeGetRequest, timestamp=1489092403, total_count=1, interval=5, delta=0
[2017-03-09 20:46:43,740 UTC] INFO  [metrics-logger-reporter-19-thread-1] metrics: type=TIMER, category=l1p.spsp-backend.fetch.api.FetchPayeeGetTime, timestamp=1489092403, total_count=1, interval=5, delta=0, interval_rate=0.0, m1=0.0, min=208.68668499999998, max=208.68668499999998, mean=208.68668499999998, p75=208.68668499999998, p95=208.68668499999998, p98=208.68668499999998, p99=208.68668499999998, p999=208.68668499999998, rate_unit=events/second, duration_unit=milliseconds
[2017-03-09 20:48:09,294 UTC] INFO  [[interop-domain].api-httpListenerConfig.worker.03] spsp-backend-api-main: Received request with TraceID=76020def-2304-4cf9-9ba4-2ee05fdbe72a at path=/spsp/backend/v1/receivers/66422611
[2017-03-09 20:48:09,296 UTC] INFO  [[interop-domain].api-httpListenerConfig.worker.03] spsp-backend-fetch-payee: Processing request for GET on http://ec2-35-166-236-69.us-west-2.compute.amazonaws.com:8010/receivers/66422611, TraceID=76020def-2304-4cf9-9ba4-2ee05fdbe72a, payee=66422611
[2017-03-09 20:48:09,398 UTC] INFO  [[interop-domain].api-httpListenerConfig.worker.03] spsp-backend-fetch-payee: Processing complete for get:/receivers/{payee}, TraceID=76020def-2304-4cf9-9ba4-2ee05fdbe72a, payee=66422611, payload={"type":"payee","name":"alice cooper","firstName":"alice","lastName":"cooper","nationalId":"987654321","dob":"1989-03-22T00:00:00.000Z","account":"http://ec2-35-166-236-69.us-west-2.compute.amazonaws.com:8088/ilp/ledger/v1/accounts/alice","currencyCode":"USD","currencySymbol":"$","imageUrl":"https://red.ilpdemo.org/api/receivers/alice_cooper/profile_pic.jpg"}
[2017-03-09 20:48:13,740 UTC] INFO  [metrics-logger-reporter-19-thread-1] metrics: type=COUNTER, name=l1p.spsp-backend.fetch.api.FetchPayeeGetRequest, timestamp=1489092493, total_count=2, interval=5, delta=1
[2017-03-09 20:48:13,740 UTC] INFO  [metrics-logger-reporter-19-thread-1] metrics: type=TIMER, category=l1p.spsp-backend.fetch.api.FetchPayeeGetTime, timestamp=1489092493, total_count=2, interval=5, delta=1, interval_rate=0.2, m1=0.06449533200126512, min=102.684265, max=208.68668499999998, mean=125.0315142889114, p75=102.684265, p95=208.68668499999998, p98=208.68668499999998, p99=208.68668499999998, p999=208.68668499999998, rate_unit=events/second, duration_unit=milliseconds
[2017-03-09 20:48:51,780 UTC] INFO  [[interop-domain].api-httpListenerConfig.worker.03] spsp-backend-api-main: Received request with TraceID=beb292ee-5a90-4608-8cd3-3e6ee5602eb3 at path=/spsp/backend/v1/receivers/66422611
[2017-03-09 20:48:51,781 UTC] INFO  [[interop-domain].api-httpListenerConfig.worker.03] spsp-backend-fetch-payee: Processing request for GET on http://ec2-35-166-236-69.us-west-2.compute.amazonaws.com:8010/receivers/66422611, TraceID=beb292ee-5a90-4608-8cd3-3e6ee5602eb3, payee=66422611
[2017-03-09 20:48:51,893 UTC] INFO  [[interop-domain].api-httpListenerConfig.worker.03] ActualLedgerToLedgerAdapterUrlTransformer: interopID:beb292ee-5a90-4608-8cd3-3e6ee5602eb3, Interop Object JSON: {"type":"payee","name":"alice cooper","firstName":"alice","lastName":"cooper","nationalId":"987654321","dob":"1989-03-22T00:00:00.000Z","account":"http://ec2-35-166-236-69.us-west-2.compute.amazonaws.com:8014/ledger/accounts/alice","currencyCode":"USD","currencySymbol":"$","imageUrl":"https://red.ilpdemo.org/api/receivers/alice_cooper/profile_pic.jpg"}
[2017-03-09 20:48:51,893 UTC] WARN  [[interop-domain].api-httpListenerConfig.worker.03] LedgerUrlMapper: field: id not found in the map for URL transform
[2017-03-09 20:48:51,893 UTC] WARN  [[interop-domain].api-httpListenerConfig.worker.03] LedgerUrlMapper: field: ledger not found in the map for URL transform
[2017-03-09 20:48:51,893 UTC] WARN  [[interop-domain].api-httpListenerConfig.worker.03] LedgerUrlMapper: field: debits.account not found in the map for URL transform
[2017-03-09 20:48:51,893 UTC] WARN  [[interop-domain].api-httpListenerConfig.worker.03] LedgerUrlMapper: field: credits.account not found in the map for URL transform
[2017-03-09 20:48:51,893 UTC] WARN  [[interop-domain].api-httpListenerConfig.worker.03] LedgerUrlMapper: field: sourceAccount not found in the map for URL transform
[2017-03-09 20:48:51,894 UTC] INFO  [[interop-domain].api-httpListenerConfig.worker.03] spsp-backend-fetch-payee: Processing complete for get:/receivers/{payee}, TraceID=beb292ee-5a90-4608-8cd3-3e6ee5602eb3, payee=66422611, payload={"type":"payee","name":"alice cooper","firstName":"alice","lastName":"cooper","nationalId":"987654321","dob":"1989-03-22T00:00:00.000Z","account":"http://ec2-35-166-236-69.us-west-2.compute.amazonaws.com:8088/ilp/ledger/v1/accounts/alice","currencyCode":"USD","currencySymbol":"$","imageUrl":"https://red.ilpdemo.org/api/receivers/alice_cooper/profile_pic.jpg"}
[2017-04-06 18:27:54,717 UTC] WARN  [[interop-domain].api-httpListenerConfig.worker.994] LedgerUrlMapper: field: sourceAccount not found in the map for URL transform
[2017-04-06 18:27:54,717 UTC] INFO  [[interop-domain].api-httpListenerConfig.worker.994] spsp-backend-fetch-payee: Processing complete for get:/receivers/{payee}, TraceID=b4505e90-20e3-4461-a628-cd61e16e615c, payee=33859321, payload=
{"type":"payee","name":"bob dylan","firstName":"bob","lastName":"dylan","nationalId":"123456789","dob":"1999-12-10T00:00:00.000Z","account":"http://ec2-35-166-236-69.us-west-2.compute.amazonaws.com:8088/ilp/ledger/v1/account
s/bob","currencyCode":"USD","currencySymbol":"$","imageUrl":"https://red.ilpdemo.org/api/receivers/bob_dylan/profile_pic.jpg"}
[2017-04-06 18:27:54,880 UTC] INFO  [[interop-domain].api-httpListenerConfig.worker.994] spsp-backend-api-main: Received request with TraceID=7404b17e-5337-4536-81ab-6c52288ca8c5 at path=/spsp/backend/v1/invoices
[2017-04-06 18:27:54,881 UTC] ERROR [[interop-domain].api-httpListenerConfig.worker.994] MappingExceptionListener:
********************************************************************************
Message               : null
Element               : /spsp-backend-services-main/processors/2 @ interop-spsp-backend-services-0.1.12-SNAPSHOT:spsp-backend-services-api.xml:37 (APIkit Router)
--------------------------------------------------------------------------------
Exception stack is:
null (org.mule.module.apikit.exception.MethodNotAllowedException)
  org.mule.module.apikit.AbstractRouter.processRouterRequest(AbstractRouter.java:174)
  org.mule.module.apikit.AbstractRouter.processBlockingRequest(AbstractRouter.java:83)
  org.mule.module.apikit.AbstractRouter.processBlocking(AbstractRouter.java:77)
  (88 more...)

  (set debug level logging or '-Dmule.verbose.exceptions=true' for everything)
********************************************************************************

[2017-04-06 18:27:54,881 UTC] WARN  [[interop-domain].api-httpListenerConfig.worker.994] L1PExceptionTransformer: Method Not Allowed: null
[2017-04-06 18:27:54,881 UTC] WARN  [[interop-domain].api-httpListenerConfig.worker.994] L1PExceptionTransformer: Failed to process request for TraceID=7404b17e-5337-4536-81ab-6c52288ca8c5: null
[2017-04-17 18:44:55,187 UTC] INFO  [Mule.app.deployer.monitor.1.thread.1] DefaultMuleApplication:
++++++++++++++++++++++++++++++++++++++++++++++++++++++++++++
+ Starting app                                             +
+ 'interop-spsp-backend-services-0.1.14-SNAPSHOT'          +
++++++++++++++++++++++++++++++++++++++++++++++++++++++++++++
[2017-04-17 18:44:55,189 UTC] INFO  [Mule.app.deployer.monitor.1.thread.1] QueueXaResourceManager: Starting ResourceManager
[2017-04-17 18:44:55,189 UTC] INFO  [Mule.app.deployer.monitor.1.thread.1] QueueXaResourceManager: Started ResourceManager
[2017-04-17 18:44:55,195 UTC] INFO  [Mule.app.deployer.monitor.1.thread.1] DefaultSplashScreenAgent:
++++++++++++++++++++++++++++++++++++++++++++++++++++++++++++++++++++++++++++++++
+ DevKit Extensions (1) used in this application                               +
+ Metrics 1.0.24 (DevKit 3.8.1 Build develop.2766.00fd851)+                    +
++++++++++++++++++++++++++++++++++++++++++++++++++++++++++++++++++++++++++++++++
[2017-04-17 18:44:55,197 UTC] INFO  [Mule.app.deployer.monitor.1.thread.1] FlowConstructLifecycleManager: Starting flow: spsp-backend-open-api
[2017-04-17 18:44:55,197 UTC] INFO  [Mule.app.deployer.monitor.1.thread.1] SedaStageLifecycleManager: Starting service: spsp-backend-open-api.stage1
[2017-04-17 18:44:55,198 UTC] INFO  [Mule.app.deployer.monitor.1.thread.1] FlowConstructLifecycleManager: Starting flow: spsp-client-proxy-documentation-redirect
[2017-04-17 18:44:55,198 UTC] INFO  [Mule.app.deployer.monitor.1.thread.1] SedaStageLifecycleManager: Starting service: spsp-client-proxy-documentation-redirect.stage1
[2017-04-17 18:44:55,199 UTC] INFO  [Mule.app.deployer.monitor.1.thread.1] FlowConstructLifecycleManager: Starting flow: spsp-backend-services-main
[2017-04-17 18:44:55,199 UTC] INFO  [Mule.app.deployer.monitor.1.thread.1] SedaStageLifecycleManager: Starting service: spsp-backend-services-main.stage1
[2017-04-17 18:44:55,210 UTC] INFO  [Mule.app.deployer.monitor.1.thread.1] Configuration:
********************************************************************************
* APIKit Console URL: http://127.0.0.1:8088/spsp/backend/v1/console            *
********************************************************************************
[2017-04-17 18:44:55,210 UTC] INFO  [Mule.app.deployer.monitor.1.thread.1] FlowConstructLifecycleManager: Starting flow: spsp-backend-services-console
[2017-04-17 18:44:55,210 UTC] INFO  [Mule.app.deployer.monitor.1.thread.1] SedaStageLifecycleManager: Starting service: spsp-backend-services-console.stage1
[2017-04-17 18:44:55,211 UTC] INFO  [Mule.app.deployer.monitor.1.thread.1] FlowConstructLifecycleManager: Starting flow: get:/receivers/{payee}:api-config
[2017-04-17 18:44:55,211 UTC] INFO  [Mule.app.deployer.monitor.1.thread.1] SedaStageLifecycleManager: Starting service: get:/receivers/{payee}:api-config.stage1
[2017-04-17 18:44:55,212 UTC] INFO  [Mule.app.deployer.monitor.1.thread.1] FlowConstructLifecycleManager: Starting flow: put:/receivers/{payee}/payments/{uuid}:application/json:api-config
[2017-04-17 18:44:55,212 UTC] INFO  [Mule.app.deployer.monitor.1.thread.1] SedaStageLifecycleManager: Starting service: put:/receivers/{payee}/payments/{uuid}:application/json:api-config.stage1
[2017-04-17 18:44:55,213 UTC] INFO  [Mule.app.deployer.monitor.1.thread.1] FlowConstructLifecycleManager: Starting flow: post:/invoices:application/json:api-config
[2017-04-17 18:44:55,213 UTC] INFO  [Mule.app.deployer.monitor.1.thread.1] SedaStageLifecycleManager: Starting service: post:/invoices:application/json:api-config.stage1
[2017-04-17 18:44:55,213 UTC] INFO  [Mule.app.deployer.monitor.1.thread.1] FlowConstructLifecycleManager: Starting flow: put:/receivers/invoices/{invoice}:application/json:api-config
[2017-04-17 18:44:55,213 UTC] INFO  [Mule.app.deployer.monitor.1.thread.1] SedaStageLifecycleManager: Starting service: put:/receivers/invoices/{invoice}:application/json:api-config.stage1
[2017-04-17 18:44:55,214 UTC] INFO  [Mule.app.deployer.monitor.1.thread.1] FlowConstructLifecycleManager: Starting flow: get:/receivers/invoices/{invoice}:api-config
[2017-04-17 18:44:55,214 UTC] INFO  [Mule.app.deployer.monitor.1.thread.1] SedaStageLifecycleManager: Starting service: get:/receivers/invoices/{invoice}:api-config.stage1
[2017-04-17 18:44:55,215 UTC] INFO  [Mule.app.deployer.monitor.1.thread.1] FlowConstructLifecycleManager: Starting flow: put:/receivers/invoices/{invoice}/payments/{uuid}:application/json:api-config
[2017-04-17 18:44:55,215 UTC] INFO  [Mule.app.deployer.monitor.1.thread.1] SedaStageLifecycleManager: Starting service: put:/receivers/invoices/{invoice}/payments/{uuid}:application/json:api-config.stage1
[2017-04-17 18:44:55,225 UTC] INFO  [Mule.app.deployer.monitor.1.thread.1] DefaultMuleContext:
**********************************************************************
* Application: interop-spsp-backend-services-0.1.14-SNAPSHOT         *
* OS encoding: /, Mule encoding: UTF-8                               *
*                                                                    *
* Agents Running:                                                    *
*   JMX Agent                                                        *
*   DevKit Extension Information                                     *
*   JMX Agent                                                        *
*   Wrapper Manager: Mule PID #4326, Wrapper PID #4324               *
**********************************************************************
[2017-04-06 18:27:55,051 UTC] INFO  [[interop-domain].api-httpListenerConfig.worker.994] spsp-backend-api-main: Received request with TraceID=18f1e763-c1a6-4873-8cdb-ff8ffea8b520 at path=/spsp/backend/v1/receivers/20343032/payments/4e385f2e-f4f9-428c-8d0f-4eead13c6ad0
